0 verbose cli /opt/homebrew/Cellar/node/24.4.1/bin/node /opt/homebrew/bin/npm
1 info using npm@11.4.2
2 info using node@v24.4.1
3 silly config load:file:/opt/homebrew/lib/node_modules/npm/npmrc
4 silly config load:file:/Users/shilpijain/Downloads/Marvix_setting/.npmrc
5 silly config load:file:/Users/shilpijain/.npmrc
6 silly config load:file:/opt/homebrew/etc/npmrc
7 verbose title npm install
8 verbose argv "install" "--cache" "./npm-cache" "--no-fund" "--no-audit"
9 verbose logfile logs-max:10 dir:/Users/shilpijain/Downloads/Marvix_setting/npm-cache/_logs/2025-11-11T12_11_11_341Z-
10 verbose logfile /Users/shilpijain/Downloads/Marvix_setting/npm-cache/_logs/2025-11-11T12_11_11_341Z-debug-0.log
11 silly logfile done cleaning log files
12 silly packumentCache heap:4496293888 maxSize:1124073472 maxEntrySize:562036736
13 silly idealTree buildDeps
14 silly fetch manifest typescript@^3.2.1 || ^4
15 silly packumentCache full:https://registry.npmjs.org/typescript cache-miss
16 verbose shrinkwrap failed to load node_modules/.package-lock.json out of date, updated: node_modules
17 http fetch GET 200 https://registry.npmjs.org/npm 464ms
18 http fetch GET 200 https://registry.npmjs.org/typescript 864ms (cache miss)
19 silly packumentCache full:https://registry.npmjs.org/typescript set size:undefined disposed:false
20 silly placeDep ROOT typescript@4.9.5 REPLACE for: react-scripts@5.0.1 want: ^3.2.1 || ^4
21 silly reify mark retired [
21 silly reify   '/Users/shilpijain/Downloads/Marvix_setting/node_modules/typescript',
21 silly reify   '/Users/shilpijain/Downloads/Marvix_setting/node_modules/.bin/tsc',
21 silly reify   '/Users/shilpijain/Downloads/Marvix_setting/node_modules/.bin/tsserver'
21 silly reify ]
22 silly reify moves {
22 silly reify   '/Users/shilpijain/Downloads/Marvix_setting/node_modules/typescript': '/Users/shilpijain/Downloads/Marvix_setting/node_modules/.typescript-ItisnEUK',
22 silly reify   '/Users/shilpijain/Downloads/Marvix_setting/node_modules/.bin/tsc': '/Users/shilpijain/Downloads/Marvix_setting/node_modules/.bin/.tsc-AbV26AI1',
22 silly reify   '/Users/shilpijain/Downloads/Marvix_setting/node_modules/.bin/tsserver': '/Users/shilpijain/Downloads/Marvix_setting/node_modules/.bin/.tsserver-m18eizGh'
22 silly reify }
23 http cache fsevents@https://registry.npmjs.org/fsevents/-/fsevents-2.3.3.tgz 1ms (cache hit)
24 http cache typescript@https://registry.npmjs.org/typescript/-/typescript-4.9.5.tgz 0ms (cache hit)
25 silly tarball no local data for fsevents@https://registry.npmjs.org/fsevents/-/fsevents-2.3.3.tgz. Extracting by manifest.
26 silly tarball no local data for typescript@https://registry.npmjs.org/typescript/-/typescript-4.9.5.tgz. Extracting by manifest.
27 http fetch GET 200 https://registry.npmjs.org/fsevents/-/fsevents-2.3.3.tgz 111ms (cache miss)
28 http fetch GET 200 https://registry.npmjs.org/typescript/-/typescript-4.9.5.tgz 4828ms (cache miss)
29 silly ADD node_modules/fsevents
30 silly CHANGE node_modules/typescript
31 verbose cwd /Users/shilpijain/Downloads/Marvix_setting
32 verbose os Darwin 24.5.0
33 verbose node v24.4.1
34 verbose npm  v11.4.2
35 notice
35 notice New minor version of npm available! 11.4.2 -> 11.6.2
35 notice Changelog: https://github.com/npm/cli/releases/tag/v11.6.2
35 notice To update run: npm install -g npm@11.6.2
35 notice  { force: true, Symbol(proc-log.meta): true }
36 verbose exit 0
37 info ok
